<?xml version="1.0" encoding="UTF-8"?>
<testsuite xmlns:xsi="http://www.w3.org/2001/XMLSchema-instance" xsi:noNamespaceSchemaLocation="https://maven.apache.org/surefire/maven-surefire-plugin/xsd/surefire-test-report.xsd" name="com.fssa.specsee.servicelayer.TestOrderService" time="1.424" tests="1" errors="1" skipped="0" failures="0">
  <properties>
    <property name="java.specification.version" value="17"/>
    <property name="sun.cpu.isalist" value="amd64"/>
    <property name="sun.jnu.encoding" value="Cp1252"/>
    <property name="java.class.path" value="C:\Users\JaleelaAthnunBadhuru\eclipse-workspace\specsee\target\test-classes;C:\Users\JaleelaAthnunBadhuru\eclipse-workspace\specsee\target\classes;C:\Users\JaleelaAthnunBadhuru\.m2\repository\commons-validator\commons-validator\1.7\commons-validator-1.7.jar;C:\Users\JaleelaAthnunBadhuru\.m2\repository\commons-beanutils\commons-beanutils\1.9.4\commons-beanutils-1.9.4.jar;C:\Users\JaleelaAthnunBadhuru\.m2\repository\commons-digester\commons-digester\2.1\commons-digester-2.1.jar;C:\Users\JaleelaAthnunBadhuru\.m2\repository\commons-logging\commons-logging\1.2\commons-logging-1.2.jar;C:\Users\JaleelaAthnunBadhuru\.m2\repository\commons-collections\commons-collections\3.2.2\commons-collections-3.2.2.jar;C:\Users\JaleelaAthnunBadhuru\.m2\repository\org\junit\jupiter\junit-jupiter\5.9.1\junit-jupiter-5.9.1.jar;C:\Users\JaleelaAthnunBadhuru\.m2\repository\org\junit\jupiter\junit-jupiter-api\5.9.1\junit-jupiter-api-5.9.1.jar;C:\Users\JaleelaAthnunBadhuru\.m2\repository\org\opentest4j\opentest4j\1.2.0\opentest4j-1.2.0.jar;C:\Users\JaleelaAthnunBadhuru\.m2\repository\org\junit\platform\junit-platform-commons\1.9.1\junit-platform-commons-1.9.1.jar;C:\Users\JaleelaAthnunBadhuru\.m2\repository\org\apiguardian\apiguardian-api\1.1.2\apiguardian-api-1.1.2.jar;C:\Users\JaleelaAthnunBadhuru\.m2\repository\org\junit\jupiter\junit-jupiter-params\5.9.1\junit-jupiter-params-5.9.1.jar;C:\Users\JaleelaAthnunBadhuru\.m2\repository\org\junit\jupiter\junit-jupiter-engine\5.9.1\junit-jupiter-engine-5.9.1.jar;C:\Users\JaleelaAthnunBadhuru\.m2\repository\org\junit\platform\junit-platform-engine\1.9.1\junit-platform-engine-1.9.1.jar;C:\Users\JaleelaAthnunBadhuru\.m2\repository\com\mysql\mysql-connector-j\8.0.33\mysql-connector-j-8.0.33.jar;C:\Users\JaleelaAthnunBadhuru\.m2\repository\com\google\protobuf\protobuf-java\3.21.9\protobuf-java-3.21.9.jar;"/>
    <property name="java.vm.vendor" value="Eclipse Adoptium"/>
    <property name="sun.arch.data.model" value="64"/>
    <property name="user.variant" value=""/>
    <property name="java.vendor.url" value="https://adoptium.net/"/>
    <property name="user.timezone" value="Asia/Calcutta"/>
    <property name="os.name" value="Windows 10"/>
    <property name="java.vm.specification.version" value="17"/>
    <property name="sun.java.launcher" value="SUN_STANDARD"/>
    <property name="user.country" value="IN"/>
    <property name="sun.boot.library.path" value="C:\Users\JaleelaAthnunBadhuru\Downloads\eclipse-jee-2023-03-R-win32-x86_64 (3)\eclipse\plugins\org.eclipse.justj.openjdk.hotspot.jre.full.win32.x86_64_17.0.6.v20230204-1729\jre\bin"/>
    <property name="sun.java.command" value="C:\Users\JALEEL~1\AppData\Local\Temp\surefire9871082819473901185\surefirebooter8190549227905061526.jar C:\Users\JaleelaAthnunBadhuru\AppData\Local\Temp\surefire9871082819473901185 2023-09-20T17-59-04_792-jvmRun1 surefire5352652572782823653tmp surefire_01887188673856263679tmp"/>
    <property name="jdk.debug" value="release"/>
    <property name="surefire.test.class.path" value="C:\Users\JaleelaAthnunBadhuru\eclipse-workspace\specsee\target\test-classes;C:\Users\JaleelaAthnunBadhuru\eclipse-workspace\specsee\target\classes;C:\Users\JaleelaAthnunBadhuru\.m2\repository\commons-validator\commons-validator\1.7\commons-validator-1.7.jar;C:\Users\JaleelaAthnunBadhuru\.m2\repository\commons-beanutils\commons-beanutils\1.9.4\commons-beanutils-1.9.4.jar;C:\Users\JaleelaAthnunBadhuru\.m2\repository\commons-digester\commons-digester\2.1\commons-digester-2.1.jar;C:\Users\JaleelaAthnunBadhuru\.m2\repository\commons-logging\commons-logging\1.2\commons-logging-1.2.jar;C:\Users\JaleelaAthnunBadhuru\.m2\repository\commons-collections\commons-collections\3.2.2\commons-collections-3.2.2.jar;C:\Users\JaleelaAthnunBadhuru\.m2\repository\org\junit\jupiter\junit-jupiter\5.9.1\junit-jupiter-5.9.1.jar;C:\Users\JaleelaAthnunBadhuru\.m2\repository\org\junit\jupiter\junit-jupiter-api\5.9.1\junit-jupiter-api-5.9.1.jar;C:\Users\JaleelaAthnunBadhuru\.m2\repository\org\opentest4j\opentest4j\1.2.0\opentest4j-1.2.0.jar;C:\Users\JaleelaAthnunBadhuru\.m2\repository\org\junit\platform\junit-platform-commons\1.9.1\junit-platform-commons-1.9.1.jar;C:\Users\JaleelaAthnunBadhuru\.m2\repository\org\apiguardian\apiguardian-api\1.1.2\apiguardian-api-1.1.2.jar;C:\Users\JaleelaAthnunBadhuru\.m2\repository\org\junit\jupiter\junit-jupiter-params\5.9.1\junit-jupiter-params-5.9.1.jar;C:\Users\JaleelaAthnunBadhuru\.m2\repository\org\junit\jupiter\junit-jupiter-engine\5.9.1\junit-jupiter-engine-5.9.1.jar;C:\Users\JaleelaAthnunBadhuru\.m2\repository\org\junit\platform\junit-platform-engine\1.9.1\junit-platform-engine-1.9.1.jar;C:\Users\JaleelaAthnunBadhuru\.m2\repository\com\mysql\mysql-connector-j\8.0.33\mysql-connector-j-8.0.33.jar;C:\Users\JaleelaAthnunBadhuru\.m2\repository\com\google\protobuf\protobuf-java\3.21.9\protobuf-java-3.21.9.jar;"/>
    <property name="sun.cpu.endian" value="little"/>
    <property name="user.home" value="C:\Users\JaleelaAthnunBadhuru"/>
    <property name="user.language" value="en"/>
    <property name="java.specification.vendor" value="Oracle Corporation"/>
    <property name="java.version.date" value="2023-01-17"/>
    <property name="java.home" value="C:\Users\JaleelaAthnunBadhuru\Downloads\eclipse-jee-2023-03-R-win32-x86_64 (3)\eclipse\plugins\org.eclipse.justj.openjdk.hotspot.jre.full.win32.x86_64_17.0.6.v20230204-1729\jre"/>
    <property name="file.separator" value="\"/>
    <property name="style.color" value="always"/>
    <property name="basedir" value="C:\Users\JaleelaAthnunBadhuru\eclipse-workspace\specsee"/>
    <property name="java.vm.compressedOopsMode" value="32-bit"/>
    <property name="line.separator" value="&#10;"/>
    <property name="java.vm.specification.vendor" value="Oracle Corporation"/>
    <property name="java.specification.name" value="Java Platform API Specification"/>
    <property name="surefire.real.class.path" value="C:\Users\JALEEL~1\AppData\Local\Temp\surefire9871082819473901185\surefirebooter8190549227905061526.jar"/>
    <property name="user.script" value=""/>
    <property name="sun.management.compiler" value="HotSpot 64-Bit Tiered Compilers"/>
    <property name="java.runtime.version" value="17.0.6+10"/>
    <property name="user.name" value="JaleelaAthnunBadhuru"/>
    <property name="path.separator" value=";"/>
    <property name="os.version" value="10.0"/>
    <property name="java.runtime.name" value="OpenJDK Runtime Environment"/>
    <property name="file.encoding" value="Cp1252"/>
    <property name="java.vm.name" value="OpenJDK 64-Bit Server VM"/>
    <property name="java.vendor.version" value="Temurin-17.0.6+10"/>
    <property name="localRepository" value="C:\Users\JaleelaAthnunBadhuru\.m2\repository"/>
    <property name="java.vendor.url.bug" value="https://github.com/adoptium/adoptium-support/issues"/>
    <property name="java.io.tmpdir" value="C:\Users\JALEEL~1\AppData\Local\Temp\"/>
    <property name="java.version" value="17.0.6"/>
    <property name="user.dir" value="C:\Users\JaleelaAthnunBadhuru\eclipse-workspace\specsee"/>
    <property name="os.arch" value="amd64"/>
    <property name="java.vm.specification.name" value="Java Virtual Machine Specification"/>
    <property name="sun.os.patch.level" value=""/>
    <property name="native.encoding" value="Cp1252"/>
    <property name="java.library.path" value="C:\Users\JaleelaAthnunBadhuru\Downloads\eclipse-jee-2023-03-R-win32-x86_64 (3)\eclipse\plugins\org.eclipse.justj.openjdk.hotspot.jre.full.win32.x86_64_17.0.6.v20230204-1729\jre\bin;C:\WINDOWS\Sun\Java\bin;C:\WINDOWS\system32;C:\WINDOWS;C:/Users/JaleelaAthnunBadhuru/Downloads/eclipse-jee-2023-03-R-win32-x86_64 (3)/eclipse//plugins/org.eclipse.justj.openjdk.hotspot.jre.full.win32.x86_64_17.0.6.v20230204-1729/jre/bin/server;C:/Users/JaleelaAthnunBadhuru/Downloads/eclipse-jee-2023-03-R-win32-x86_64 (3)/eclipse//plugins/org.eclipse.justj.openjdk.hotspot.jre.full.win32.x86_64_17.0.6.v20230204-1729/jre/bin;C:\Program Files\Common Files\Oracle\Java\javapath;C:\WINDOWS\system32;C:\WINDOWS;C:\WINDOWS\System32\Wbem;C:\WINDOWS\System32\WindowsPowerShell\v1.0\;C:\WINDOWS\System32\OpenSSH\;C:\Program Files\nodejs\;C:\Program Files\Git\cmd;C:\Program Files\MySQL\MySQL Shell 8.0\bin\;C:\Users\JaleelaAthnunBadhuru\AppData\Local\Microsoft\WindowsApps;C:\Users\JaleelaAthnunBadhuru\AppData\Local\Programs\Microsoft VS Code\bin;C:\Users\JaleelaAthnunBadhuru\AppData\Local\GitHubDesktop\bin;C:\Users\JaleelaAthnunBadhuru\Downloads\eclipse-jee-2023-03-R-win32-x86_64 (3)\eclipse;;."/>
    <property name="java.vm.info" value="mixed mode"/>
    <property name="java.vendor" value="Eclipse Adoptium"/>
    <property name="java.vm.version" value="17.0.6+10"/>
    <property name="sun.io.unicode.encoding" value="UnicodeLittle"/>
    <property name="java.class.version" value="61.0"/>
  </properties>
  <testcase name="testAddOrder" classname="com.fssa.specsee.servicelayer.TestOrderService" time="1.405">
    <error message="Cannot invoke &quot;com.fssa.specsee.modelobjects.Product.getProductPrice()&quot; because &quot;product&quot; is null" type="java.lang.NullPointerException">java.lang.NullPointerException: Cannot invoke "com.fssa.specsee.modelobjects.Product.getProductPrice()" because "product" is null
	at com.fssa.specsee.servicelayer.TestOrderService.testAddOrder(TestOrderService.java:29)
</error>
    <system-out><![CDATA[connected
]]></system-out>
  </testcase>
</testsuite>